<?xml version="1.0" encoding="UTF-8"?>
<!-- Generated by org.testng.reporters.JUnitXMLReporter -->
<testsuite ignored="2" hostname="DESKTOP-3EMAQIT" failures="2" tests="21" name="Test" time="44.801" errors="0" timestamp="2023-10-06T11:40:08 IST">
  <testcase classname="TestPractice.ActitimeValidations2" name="testActitime_Login" time="22.127">
    <failure type="java.lang.AssertionError" message="Either login failed or home page title changed expected [true] but found [false]">
      <![CDATA[java.lang.AssertionError: Either login failed or home page title changed expected [true] but found [false]
at TestPractice.ActitimeValidations2.testActitime_Login(ActitimeValidations2.java:27)
at java.base/java.util.ArrayList.forEach(ArrayList.java:1511)
... Removed 30 stack frames]]>
    </failure>
  </testcase> <!-- testActitime_Login -->
  <testcase classname="TestPractice.Example2" name="testCase1" time="0.003"/>
  <testcase classname="TestPractice.Example2" name="testCase2" time="0.002"/>
  <testcase classname="TestPractice.Example1" name="testCase1" time="0.002"/>
  <testcase classname="TestPractice.Example1" name="testCase2" time="0.002"/>
  <testcase classname="TestPractice.Example1" name="testCase3" time="0.002"/>
  <testcase classname="TestPractice.Example4" name="testCase3" time="0.002"/>
  <testcase classname="TestPractice.Example4" name="testCase1" time="0.019"/>
  <testcase classname="TestPractice.Example4" name="testCase2" time="0.002"/>
  <testcase classname="TestPractice.Example4" name="testCase2" time="0.003"/>
  <testcase classname="TestPractice.Example4" name="testCase2" time="0.002"/>
  <testcase classname="TestPractice.Example4" name="testCase2" time="0.003"/>
  <testcase classname="TestPractice.Example4" name="testCase2" time="0.002"/>
  <testcase classname="TestPractice.Example3" name="testCase1" time="0.002"/>
  <testcase classname="TestPractice.Example3" name="testCase2" time="0.002"/>
  <testcase classname="TestPractice.Example3" name="testCase2" time="0.001"/>
  <testcase classname="TestPractice.Example3" name="testCase2" time="0.001"/>
  <testcase classname="TestPractice.Example3" name="testCase2" time="0.002"/>
  <testcase classname="TestPractice.Example3" name="testCase2" time="0.002"/>
  <testcase classname="TestPractice.VtigerValidations" name="login_Vtiger" time="6.403"/>
  <testcase classname="TestPractice.ActitimeValidations" name="testActitime_validData" time="16.053">
    <failure type="java.lang.AssertionError" message="Either login failed or home page title changed expected [true] but found [false]">
      <![CDATA[java.lang.AssertionError: Either login failed or home page title changed expected [true] but found [false]
at TestPractice.ActitimeValidations.testActitime_validData(ActitimeValidations.java:27)
at java.base/java.util.ArrayList.forEach(ArrayList.java:1511)
... Removed 30 stack frames]]>
    </failure>
  </testcase> <!-- testActitime_validData -->
  <testcase classname="TestPractice.Example3" name="testCase3" time="0.0">
    <ignored/>
  </testcase> <!-- testCase3 -->
  <testcase classname="TestPractice.Example2" name="testCase3" time="0.0">
    <ignored/>
  </testcase> <!-- testCase3 -->
</testsuite> <!-- Test -->
